  checkhit.cpp
d:\users\hitomi\documents\directx9_3d_symphoniccloud\hal_tomokihitomi_directx9_3d_symphoniccloud\directx3dproject\enemybullet.h(31): warning C4005: 'ENEMYBULLET_ALPHA_CHANGE': マクロが再定義されました。
  d:\users\hitomi\documents\directx9_3d_symphoniccloud\hal_tomokihitomi_directx9_3d_symphoniccloud\directx3dproject\enemybullet.h(19): note: 'ENEMYBULLET_ALPHA_CHANGE' の以前の定義を確認してください
d:\users\hitomi\documents\directx9_3d_symphoniccloud\hal_tomokihitomi_directx9_3d_symphoniccloud\directx3dproject\bulletqua.h(47): warning C4005: 'BULLETQUA_ALPHA_CHANGE': マクロが再定義されました。
  d:\users\hitomi\documents\directx9_3d_symphoniccloud\hal_tomokihitomi_directx9_3d_symphoniccloud\directx3dproject\bulletqua.h(31): note: 'BULLETQUA_ALPHA_CHANGE' の以前の定義を確認してください
  main.cpp
d:\users\hitomi\documents\directx9_3d_symphoniccloud\hal_tomokihitomi_directx9_3d_symphoniccloud\directx3dproject\bulletqua.h(47): warning C4005: 'BULLETQUA_ALPHA_CHANGE': マクロが再定義されました。
  d:\users\hitomi\documents\directx9_3d_symphoniccloud\hal_tomokihitomi_directx9_3d_symphoniccloud\directx3dproject\bulletqua.h(31): note: 'BULLETQUA_ALPHA_CHANGE' の以前の定義を確認してください
d:\users\hitomi\documents\directx9_3d_symphoniccloud\hal_tomokihitomi_directx9_3d_symphoniccloud\directx3dproject\enemybullet.h(31): warning C4005: 'ENEMYBULLET_ALPHA_CHANGE': マクロが再定義されました。
  d:\users\hitomi\documents\directx9_3d_symphoniccloud\hal_tomokihitomi_directx9_3d_symphoniccloud\directx3dproject\enemybullet.h(19): note: 'ENEMYBULLET_ALPHA_CHANGE' の以前の定義を確認してください
main.cpp(160): warning C4244: '引数': 'float' から 'int' への変換です。データが失われる可能性があります。
main.cpp(324): warning C4244: '=': 'float' から 'UINT' への変換です。データが失われる可能性があります。
main.cpp(325): warning C4244: '=': 'float' から 'UINT' への変換です。データが失われる可能性があります。
  rank.cpp
  stage.cpp
  time.cpp
  timefream.cpp
  timeranking.cpp
timeranking.cpp(273): warning C4996: 'fopen': This function or variable may be unsafe. Consider using fopen_s instead. To disable deprecation, use _CRT_SECURE_NO_WARNINGS. See online help for details.
  C:\Program Files (x86)\Windows Kits\10\Include\10.0.10240.0\ucrt\stdio.h(205): note: 'fopen' の宣言を確認してください
timeranking.cpp(278): warning C4996: 'fopen': This function or variable may be unsafe. Consider using fopen_s instead. To disable deprecation, use _CRT_SECURE_NO_WARNINGS. See online help for details.
  C:\Program Files (x86)\Windows Kits\10\Include\10.0.10240.0\ucrt\stdio.h(205): note: 'fopen' の宣言を確認してください
timeranking.cpp(303): warning C4996: 'fopen': This function or variable may be unsafe. Consider using fopen_s instead. To disable deprecation, use _CRT_SECURE_NO_WARNINGS. See online help for details.
  C:\Program Files (x86)\Windows Kits\10\Include\10.0.10240.0\ucrt\stdio.h(205): note: 'fopen' の宣言を確認してください
timeranking.cpp(322): warning C4996: 'fscanf': This function or variable may be unsafe. Consider using fscanf_s instead. To disable deprecation, use _CRT_SECURE_NO_WARNINGS. See online help for details.
  C:\Program Files (x86)\Windows Kits\10\Include\10.0.10240.0\ucrt\stdio.h(1193): note: 'fscanf' の宣言を確認してください
timeranking.cpp(356): warning C4996: 'fopen': This function or variable may be unsafe. Consider using fopen_s instead. To disable deprecation, use _CRT_SECURE_NO_WARNINGS. See online help for details.
  C:\Program Files (x86)\Windows Kits\10\Include\10.0.10240.0\ucrt\stdio.h(205): note: 'fopen' の宣言を確認してください
  コード生成しています。
  6 of 638 functions ( 0.9%) were compiled, the rest were copied from previous compilation.
    1 functions were new in current compilation
    3 functions had inline decision re-evaluated but remain unchanged
  コード生成が終了しました。
  DirectX3Dproject.vcxproj -> D:\Users\Hitomi\Documents\DirectX9_3D_SymphonicCloud\HAL_TomokiHitomi_DirectX9_3D_SymphonicCloud\Release\DirectX3Dproject.exe
  DirectX3Dproject.vcxproj -> D:\Users\Hitomi\Documents\DirectX9_3D_SymphonicCloud\HAL_TomokiHitomi_DirectX9_3D_SymphonicCloud\Release\DirectX3Dproject.pdb (Full PDB)
