d:\users\hitomi\documents\directx9_3d_symphoniccloud\hal_tomokihitomi_directx9_3d_symphoniccloud\directx3dproject\release\vc140.pdb
d:\users\hitomi\documents\directx9_3d_symphoniccloud\hal_tomokihitomi_directx9_3d_symphoniccloud\directx3dproject\release\gagefream.obj
d:\users\hitomi\documents\directx9_3d_symphoniccloud\hal_tomokihitomi_directx9_3d_symphoniccloud\directx3dproject\release\gageback.obj
d:\users\hitomi\documents\directx9_3d_symphoniccloud\hal_tomokihitomi_directx9_3d_symphoniccloud\directx3dproject\release\gage.obj
d:\users\hitomi\documents\directx9_3d_symphoniccloud\hal_tomokihitomi_directx9_3d_symphoniccloud\directx3dproject\release\field.obj
d:\users\hitomi\documents\directx9_3d_symphoniccloud\hal_tomokihitomi_directx9_3d_symphoniccloud\directx3dproject\release\fade.obj
d:\users\hitomi\documents\directx9_3d_symphoniccloud\hal_tomokihitomi_directx9_3d_symphoniccloud\directx3dproject\release\enemy_normal.obj
d:\users\hitomi\documents\directx9_3d_symphoniccloud\hal_tomokihitomi_directx9_3d_symphoniccloud\directx3dproject\release\enemybullet.obj
d:\users\hitomi\documents\directx9_3d_symphoniccloud\hal_tomokihitomi_directx9_3d_symphoniccloud\directx3dproject\release\enemy.obj
d:\users\hitomi\documents\directx9_3d_symphoniccloud\hal_tomokihitomi_directx9_3d_symphoniccloud\directx3dproject\release\enemy_boss.obj
d:\users\hitomi\documents\directx9_3d_symphoniccloud\hal_tomokihitomi_directx9_3d_symphoniccloud\directx3dproject\release\effect.obj
d:\users\hitomi\documents\directx9_3d_symphoniccloud\hal_tomokihitomi_directx9_3d_symphoniccloud\directx3dproject\release\debugproc.obj
d:\users\hitomi\documents\directx9_3d_symphoniccloud\hal_tomokihitomi_directx9_3d_symphoniccloud\directx3dproject\release\copyright.obj
d:\users\hitomi\documents\directx9_3d_symphoniccloud\hal_tomokihitomi_directx9_3d_symphoniccloud\directx3dproject\release\cloud.obj
d:\users\hitomi\documents\directx9_3d_symphoniccloud\hal_tomokihitomi_directx9_3d_symphoniccloud\directx3dproject\release\checkhit.obj
d:\users\hitomi\documents\directx9_3d_symphoniccloud\hal_tomokihitomi_directx9_3d_symphoniccloud\directx3dproject\release\camera.obj
d:\users\hitomi\documents\directx9_3d_symphoniccloud\hal_tomokihitomi_directx9_3d_symphoniccloud\directx3dproject\release\calculate.obj
d:\users\hitomi\documents\directx9_3d_symphoniccloud\hal_tomokihitomi_directx9_3d_symphoniccloud\directx3dproject\release\hiteffect.obj
d:\users\hitomi\documents\directx9_3d_symphoniccloud\hal_tomokihitomi_directx9_3d_symphoniccloud\directx3dproject\release\damageeffect.obj
d:\users\hitomi\documents\directx9_3d_symphoniccloud\hal_tomokihitomi_directx9_3d_symphoniccloud\directx3dproject\release\bulletqua.obj
d:\users\hitomi\documents\directx9_3d_symphoniccloud\hal_tomokihitomi_directx9_3d_symphoniccloud\directx3dproject\release\bullet.obj
d:\users\hitomi\documents\directx9_3d_symphoniccloud\hal_tomokihitomi_directx9_3d_symphoniccloud\directx3dproject\release\timeranking.obj
d:\users\hitomi\documents\directx9_3d_symphoniccloud\hal_tomokihitomi_directx9_3d_symphoniccloud\directx3dproject\release\timefream.obj
d:\users\hitomi\documents\directx9_3d_symphoniccloud\hal_tomokihitomi_directx9_3d_symphoniccloud\directx3dproject\release\time.obj
d:\users\hitomi\documents\directx9_3d_symphoniccloud\hal_tomokihitomi_directx9_3d_symphoniccloud\directx3dproject\release\stage.obj
d:\users\hitomi\documents\directx9_3d_symphoniccloud\hal_tomokihitomi_directx9_3d_symphoniccloud\directx3dproject\release\skydomeeffect.obj
d:\users\hitomi\documents\directx9_3d_symphoniccloud\hal_tomokihitomi_directx9_3d_symphoniccloud\directx3dproject\release\ranking.obj
d:\users\hitomi\documents\directx9_3d_symphoniccloud\hal_tomokihitomi_directx9_3d_symphoniccloud\directx3dproject\release\rank.obj
d:\users\hitomi\documents\directx9_3d_symphoniccloud\hal_tomokihitomi_directx9_3d_symphoniccloud\directx3dproject\release\pointer.obj
d:\users\hitomi\documents\directx9_3d_symphoniccloud\hal_tomokihitomi_directx9_3d_symphoniccloud\directx3dproject\release\parameter.obj
d:\users\hitomi\documents\directx9_3d_symphoniccloud\hal_tomokihitomi_directx9_3d_symphoniccloud\directx3dproject\release\minimap.obj
d:\users\hitomi\documents\directx9_3d_symphoniccloud\hal_tomokihitomi_directx9_3d_symphoniccloud\directx3dproject\release\main.obj
d:\users\hitomi\documents\directx9_3d_symphoniccloud\hal_tomokihitomi_directx9_3d_symphoniccloud\directx3dproject\release\magiceffect.obj
d:\users\hitomi\documents\directx9_3d_symphoniccloud\hal_tomokihitomi_directx9_3d_symphoniccloud\directx3dproject\release\magiccircle.obj
d:\users\hitomi\documents\directx9_3d_symphoniccloud\hal_tomokihitomi_directx9_3d_symphoniccloud\directx3dproject\release\magic.obj
d:\users\hitomi\documents\directx9_3d_symphoniccloud\hal_tomokihitomi_directx9_3d_symphoniccloud\directx3dproject\release\lockon.obj
d:\users\hitomi\documents\directx9_3d_symphoniccloud\hal_tomokihitomi_directx9_3d_symphoniccloud\directx3dproject\release\light.obj
d:\users\hitomi\documents\directx9_3d_symphoniccloud\hal_tomokihitomi_directx9_3d_symphoniccloud\directx3dproject\release\joyconhelp.obj
d:\users\hitomi\documents\directx9_3d_symphoniccloud\hal_tomokihitomi_directx9_3d_symphoniccloud\directx3dproject\release\input.obj
d:\users\hitomi\documents\directx9_3d_symphoniccloud\hal_tomokihitomi_directx9_3d_symphoniccloud\directx3dproject\release\game.obj
d:\users\hitomi\documents\directx9_3d_symphoniccloud\hal_tomokihitomi_directx9_3d_symphoniccloud\directx3dproject\release\gageselect.obj
d:\users\hitomi\documents\directx9_3d_symphoniccloud\hal_tomokihitomi_directx9_3d_symphoniccloud\directx3dproject\release\wall.obj
d:\users\hitomi\documents\directx9_3d_symphoniccloud\hal_tomokihitomi_directx9_3d_symphoniccloud\directx3dproject\release\version.obj
d:\users\hitomi\documents\directx9_3d_symphoniccloud\hal_tomokihitomi_directx9_3d_symphoniccloud\directx3dproject\release\title.obj
d:\users\hitomi\documents\directx9_3d_symphoniccloud\hal_tomokihitomi_directx9_3d_symphoniccloud\directx3dproject\release\sound.obj
d:\users\hitomi\documents\directx9_3d_symphoniccloud\hal_tomokihitomi_directx9_3d_symphoniccloud\directx3dproject\release\skydome.obj
d:\users\hitomi\documents\directx9_3d_symphoniccloud\hal_tomokihitomi_directx9_3d_symphoniccloud\directx3dproject\release\shadow.obj
d:\users\hitomi\documents\directx9_3d_symphoniccloud\hal_tomokihitomi_directx9_3d_symphoniccloud\directx3dproject\release\reticle.obj
d:\users\hitomi\documents\directx9_3d_symphoniccloud\hal_tomokihitomi_directx9_3d_symphoniccloud\directx3dproject\release\result.obj
d:\users\hitomi\documents\directx9_3d_symphoniccloud\hal_tomokihitomi_directx9_3d_symphoniccloud\directx3dproject\release\pausemenu.obj
d:\users\hitomi\documents\directx9_3d_symphoniccloud\hal_tomokihitomi_directx9_3d_symphoniccloud\directx3dproject\release\pause.obj
d:\users\hitomi\documents\directx9_3d_symphoniccloud\hal_tomokihitomi_directx9_3d_symphoniccloud\directx3dproject\release\model.obj
d:\users\hitomi\documents\directx9_3d_symphoniccloud\hal_tomokihitomi_directx9_3d_symphoniccloud\directx3dproject\release\meshcloud.obj
d:\users\hitomi\documents\directx9_3d_symphoniccloud\hal_tomokihitomi_directx9_3d_symphoniccloud\directx3dproject\release\titlemenu.obj
c:\users\hitomi\documents\project\symphoniccloud\hal_tomokihitomi_directx9_3d_symphoniccloud\directx3dproject\release\vc140.pdb
c:\users\hitomi\documents\project\symphoniccloud\hal_tomokihitomi_directx9_3d_symphoniccloud\directx3dproject\release\gagefream.obj
c:\users\hitomi\documents\project\symphoniccloud\hal_tomokihitomi_directx9_3d_symphoniccloud\directx3dproject\release\gageback.obj
c:\users\hitomi\documents\project\symphoniccloud\hal_tomokihitomi_directx9_3d_symphoniccloud\directx3dproject\release\gage.obj
c:\users\hitomi\documents\project\symphoniccloud\hal_tomokihitomi_directx9_3d_symphoniccloud\directx3dproject\release\field.obj
c:\users\hitomi\documents\project\symphoniccloud\hal_tomokihitomi_directx9_3d_symphoniccloud\directx3dproject\release\fade.obj
c:\users\hitomi\documents\project\symphoniccloud\hal_tomokihitomi_directx9_3d_symphoniccloud\directx3dproject\release\enemybullet.obj
c:\users\hitomi\documents\project\symphoniccloud\hal_tomokihitomi_directx9_3d_symphoniccloud\directx3dproject\release\enemy_normal.obj
c:\users\hitomi\documents\project\symphoniccloud\hal_tomokihitomi_directx9_3d_symphoniccloud\directx3dproject\release\enemy_boss.obj
c:\users\hitomi\documents\project\symphoniccloud\hal_tomokihitomi_directx9_3d_symphoniccloud\directx3dproject\release\enemy.obj
c:\users\hitomi\documents\project\symphoniccloud\hal_tomokihitomi_directx9_3d_symphoniccloud\directx3dproject\release\effect.obj
c:\users\hitomi\documents\project\symphoniccloud\hal_tomokihitomi_directx9_3d_symphoniccloud\directx3dproject\release\debugproc.obj
c:\users\hitomi\documents\project\symphoniccloud\hal_tomokihitomi_directx9_3d_symphoniccloud\directx3dproject\release\damageeffect.obj
c:\users\hitomi\documents\project\symphoniccloud\hal_tomokihitomi_directx9_3d_symphoniccloud\directx3dproject\release\copyright.obj
c:\users\hitomi\documents\project\symphoniccloud\hal_tomokihitomi_directx9_3d_symphoniccloud\directx3dproject\release\cloud.obj
c:\users\hitomi\documents\project\symphoniccloud\hal_tomokihitomi_directx9_3d_symphoniccloud\directx3dproject\release\checkhit.obj
c:\users\hitomi\documents\project\symphoniccloud\hal_tomokihitomi_directx9_3d_symphoniccloud\directx3dproject\release\camera.obj
c:\users\hitomi\documents\project\symphoniccloud\hal_tomokihitomi_directx9_3d_symphoniccloud\directx3dproject\release\calculate.obj
c:\users\hitomi\documents\project\symphoniccloud\hal_tomokihitomi_directx9_3d_symphoniccloud\directx3dproject\release\bulletqua.obj
c:\users\hitomi\documents\project\symphoniccloud\hal_tomokihitomi_directx9_3d_symphoniccloud\directx3dproject\release\bullet.obj
c:\users\hitomi\documents\project\symphoniccloud\hal_tomokihitomi_directx9_3d_symphoniccloud\directx3dproject\release\light.obj
c:\users\hitomi\documents\project\symphoniccloud\hal_tomokihitomi_directx9_3d_symphoniccloud\directx3dproject\release\result.obj
c:\users\hitomi\documents\project\symphoniccloud\hal_tomokihitomi_directx9_3d_symphoniccloud\directx3dproject\release\ranking.obj
c:\users\hitomi\documents\project\symphoniccloud\hal_tomokihitomi_directx9_3d_symphoniccloud\directx3dproject\release\rank.obj
c:\users\hitomi\documents\project\symphoniccloud\hal_tomokihitomi_directx9_3d_symphoniccloud\directx3dproject\release\pointer.obj
c:\users\hitomi\documents\project\symphoniccloud\hal_tomokihitomi_directx9_3d_symphoniccloud\directx3dproject\release\pausemenu.obj
c:\users\hitomi\documents\project\symphoniccloud\hal_tomokihitomi_directx9_3d_symphoniccloud\directx3dproject\release\pause.obj
c:\users\hitomi\documents\project\symphoniccloud\hal_tomokihitomi_directx9_3d_symphoniccloud\directx3dproject\release\parameter.obj
c:\users\hitomi\documents\project\symphoniccloud\hal_tomokihitomi_directx9_3d_symphoniccloud\directx3dproject\release\model.obj
c:\users\hitomi\documents\project\symphoniccloud\hal_tomokihitomi_directx9_3d_symphoniccloud\directx3dproject\release\minimap.obj
c:\users\hitomi\documents\project\symphoniccloud\hal_tomokihitomi_directx9_3d_symphoniccloud\directx3dproject\release\meshcloud.obj
c:\users\hitomi\documents\project\symphoniccloud\hal_tomokihitomi_directx9_3d_symphoniccloud\directx3dproject\release\main.obj
c:\users\hitomi\documents\project\symphoniccloud\hal_tomokihitomi_directx9_3d_symphoniccloud\directx3dproject\release\magiceffect.obj
c:\users\hitomi\documents\project\symphoniccloud\hal_tomokihitomi_directx9_3d_symphoniccloud\directx3dproject\release\magiccircle.obj
c:\users\hitomi\documents\project\symphoniccloud\hal_tomokihitomi_directx9_3d_symphoniccloud\directx3dproject\release\magic.obj
c:\users\hitomi\documents\project\symphoniccloud\hal_tomokihitomi_directx9_3d_symphoniccloud\directx3dproject\release\lockon.obj
c:\users\hitomi\documents\project\symphoniccloud\hal_tomokihitomi_directx9_3d_symphoniccloud\directx3dproject\release\joyconhelp.obj
c:\users\hitomi\documents\project\symphoniccloud\hal_tomokihitomi_directx9_3d_symphoniccloud\directx3dproject\release\input.obj
c:\users\hitomi\documents\project\symphoniccloud\hal_tomokihitomi_directx9_3d_symphoniccloud\directx3dproject\release\hiteffect.obj
c:\users\hitomi\documents\project\symphoniccloud\hal_tomokihitomi_directx9_3d_symphoniccloud\directx3dproject\release\game.obj
c:\users\hitomi\documents\project\symphoniccloud\hal_tomokihitomi_directx9_3d_symphoniccloud\directx3dproject\release\gageselect.obj
c:\users\hitomi\documents\project\symphoniccloud\hal_tomokihitomi_directx9_3d_symphoniccloud\directx3dproject\release\wall.obj
c:\users\hitomi\documents\project\symphoniccloud\hal_tomokihitomi_directx9_3d_symphoniccloud\directx3dproject\release\version.obj
c:\users\hitomi\documents\project\symphoniccloud\hal_tomokihitomi_directx9_3d_symphoniccloud\directx3dproject\release\titlemenu.obj
c:\users\hitomi\documents\project\symphoniccloud\hal_tomokihitomi_directx9_3d_symphoniccloud\directx3dproject\release\title.obj
c:\users\hitomi\documents\project\symphoniccloud\hal_tomokihitomi_directx9_3d_symphoniccloud\directx3dproject\release\timeranking.obj
c:\users\hitomi\documents\project\symphoniccloud\hal_tomokihitomi_directx9_3d_symphoniccloud\directx3dproject\release\timefream.obj
c:\users\hitomi\documents\project\symphoniccloud\hal_tomokihitomi_directx9_3d_symphoniccloud\directx3dproject\release\time.obj
c:\users\hitomi\documents\project\symphoniccloud\hal_tomokihitomi_directx9_3d_symphoniccloud\directx3dproject\release\stage.obj
c:\users\hitomi\documents\project\symphoniccloud\hal_tomokihitomi_directx9_3d_symphoniccloud\directx3dproject\release\sound.obj
c:\users\hitomi\documents\project\symphoniccloud\hal_tomokihitomi_directx9_3d_symphoniccloud\directx3dproject\release\skydomeeffect.obj
c:\users\hitomi\documents\project\symphoniccloud\hal_tomokihitomi_directx9_3d_symphoniccloud\directx3dproject\release\skydome.obj
c:\users\hitomi\documents\project\symphoniccloud\hal_tomokihitomi_directx9_3d_symphoniccloud\directx3dproject\release\shadow.obj
c:\users\hitomi\documents\project\symphoniccloud\hal_tomokihitomi_directx9_3d_symphoniccloud\directx3dproject\release\reticle.obj
d:\users\hitomi\documents\directx9_3d_symphoniccloud\hal_tomokihitomi_directx9_3d_symphoniccloud\release\sprite.cso
c:\users\hitomi\documents\project\symphoniccloud\hal_tomokihitomi_directx9_3d_symphoniccloud\release\sprite.cso
d:\users\hitomi\documents\directx9_3d_symphoniccloud\hal_tomokihitomi_directx9_3d_symphoniccloud\release\directx3dproject.exe
d:\users\hitomi\documents\directx9_3d_symphoniccloud\hal_tomokihitomi_directx9_3d_symphoniccloud\release\directx3dproject.ipdb
d:\users\hitomi\documents\directx9_3d_symphoniccloud\hal_tomokihitomi_directx9_3d_symphoniccloud\release\directx3dproject.iobj
d:\users\hitomi\documents\directx9_3d_symphoniccloud\hal_tomokihitomi_directx9_3d_symphoniccloud\release\directx3dproject.pdb
c:\users\hitomi\documents\project\symphoniccloud\hal_tomokihitomi_directx9_3d_symphoniccloud\release\directx3dproject.exe
c:\users\hitomi\documents\project\symphoniccloud\hal_tomokihitomi_directx9_3d_symphoniccloud\release\directx3dproject.ipdb
c:\users\hitomi\documents\project\symphoniccloud\hal_tomokihitomi_directx9_3d_symphoniccloud\release\directx3dproject.iobj
c:\users\hitomi\documents\project\symphoniccloud\hal_tomokihitomi_directx9_3d_symphoniccloud\release\directx3dproject.pdb
d:\users\hitomi\documents\directx9_3d_symphoniccloud\hal_tomokihitomi_directx9_3d_symphoniccloud\directx3dproject\release\directx3dproject.res
c:\users\hitomi\documents\project\symphoniccloud\hal_tomokihitomi_directx9_3d_symphoniccloud\directx3dproject\release\directx3dproject.res
c:\users\hitomi\documents\project\symphoniccloud\hal_tomokihitomi_directx9_3d_symphoniccloud\directx3dproject\release\directx3dproject.tlog\cl.command.1.tlog
c:\users\hitomi\documents\project\symphoniccloud\hal_tomokihitomi_directx9_3d_symphoniccloud\directx3dproject\release\directx3dproject.tlog\cl.read.1.tlog
c:\users\hitomi\documents\project\symphoniccloud\hal_tomokihitomi_directx9_3d_symphoniccloud\directx3dproject\release\directx3dproject.tlog\cl.write.1.tlog
c:\users\hitomi\documents\project\symphoniccloud\hal_tomokihitomi_directx9_3d_symphoniccloud\directx3dproject\release\directx3dproject.tlog\directx3dproject.write.1u.tlog
c:\users\hitomi\documents\project\symphoniccloud\hal_tomokihitomi_directx9_3d_symphoniccloud\directx3dproject\release\directx3dproject.tlog\fxc.command.1.tlog
c:\users\hitomi\documents\project\symphoniccloud\hal_tomokihitomi_directx9_3d_symphoniccloud\directx3dproject\release\directx3dproject.tlog\fxc.read.1.tlog
c:\users\hitomi\documents\project\symphoniccloud\hal_tomokihitomi_directx9_3d_symphoniccloud\directx3dproject\release\directx3dproject.tlog\fxc.write.1.tlog
c:\users\hitomi\documents\project\symphoniccloud\hal_tomokihitomi_directx9_3d_symphoniccloud\directx3dproject\release\directx3dproject.tlog\link.command.1.tlog
c:\users\hitomi\documents\project\symphoniccloud\hal_tomokihitomi_directx9_3d_symphoniccloud\directx3dproject\release\directx3dproject.tlog\link.read.1.tlog
c:\users\hitomi\documents\project\symphoniccloud\hal_tomokihitomi_directx9_3d_symphoniccloud\directx3dproject\release\directx3dproject.tlog\link.write.1.tlog
c:\users\hitomi\documents\project\symphoniccloud\hal_tomokihitomi_directx9_3d_symphoniccloud\directx3dproject\release\directx3dproject.tlog\rc.command.1.tlog
c:\users\hitomi\documents\project\symphoniccloud\hal_tomokihitomi_directx9_3d_symphoniccloud\directx3dproject\release\directx3dproject.tlog\rc.read.1.tlog
c:\users\hitomi\documents\project\symphoniccloud\hal_tomokihitomi_directx9_3d_symphoniccloud\directx3dproject\release\directx3dproject.tlog\rc.write.1.tlog
