  pause.cpp
  コードを生成中...
  スキップ中... (関連する変更は検出されませんでした)
  version.cpp
  titlemenu.cpp
  title.cpp
  timeranking.cpp
  timefream.cpp
  time.cpp
  sound.cpp
  shadow.cpp
  reticle.cpp
  result.cpp
  ranking.cpp
  rank.cpp
  pointer.cpp
  pausemenu.cpp
  magiceffect.cpp
  joyconhelp.cpp
  input.cpp
  gageselect.cpp
  gagefream.cpp
  gageback.cpp
  fade.cpp
  enemy_boss.cpp
  debugproc.cpp
  damageeffect.cpp
  calculate.cpp
  DirectX3Dproject.vcxproj -> C:\Users\Hitomi\Documents\project\DirectX9_3D_SymphonicCloud\HAL_TomokiHitomi_DirectX9_3D_SymphonicCloud\Debug\DirectX3Dproject.exe
  DirectX3Dproject.vcxproj -> C:\Users\Hitomi\Documents\project\DirectX9_3D_SymphonicCloud\HAL_TomokiHitomi_DirectX9_3D_SymphonicCloud\Debug\DirectX3Dproject.pdb (Full PDB)
