d:\users\hitomi\documents\visual studio 2015\projects\20180209\hal_tomokihitomi_directx9_3d_symphoniccloud\directx3dproject\debug\vc140.pdb
d:\users\hitomi\documents\visual studio 2015\projects\20180209\hal_tomokihitomi_directx9_3d_symphoniccloud\directx3dproject\debug\vc140.idb
d:\users\hitomi\documents\visual studio 2015\projects\20180209\hal_tomokihitomi_directx9_3d_symphoniccloud\directx3dproject\debug\rank.obj
d:\users\hitomi\documents\visual studio 2015\projects\20180209\hal_tomokihitomi_directx9_3d_symphoniccloud\directx3dproject\debug\ranking.obj
d:\users\hitomi\documents\visual studio 2015\projects\20180209\hal_tomokihitomi_directx9_3d_symphoniccloud\directx3dproject\debug\skydomeeffect.obj
d:\users\hitomi\documents\visual studio 2015\projects\20180209\hal_tomokihitomi_directx9_3d_symphoniccloud\directx3dproject\debug\stage.obj
d:\users\hitomi\documents\visual studio 2015\projects\20180209\hal_tomokihitomi_directx9_3d_symphoniccloud\directx3dproject\debug\time.obj
d:\users\hitomi\documents\visual studio 2015\projects\20180209\hal_tomokihitomi_directx9_3d_symphoniccloud\directx3dproject\debug\timefream.obj
d:\users\hitomi\documents\visual studio 2015\projects\20180209\hal_tomokihitomi_directx9_3d_symphoniccloud\directx3dproject\debug\timeranking.obj
d:\users\hitomi\documents\visual studio 2015\projects\20180209\hal_tomokihitomi_directx9_3d_symphoniccloud\directx3dproject\debug\titlemenu.obj
d:\users\hitomi\documents\visual studio 2015\projects\20180209\hal_tomokihitomi_directx9_3d_symphoniccloud\directx3dproject\debug\meshcloud.obj
d:\users\hitomi\documents\visual studio 2015\projects\20180209\hal_tomokihitomi_directx9_3d_symphoniccloud\directx3dproject\debug\model.obj
d:\users\hitomi\documents\visual studio 2015\projects\20180209\hal_tomokihitomi_directx9_3d_symphoniccloud\directx3dproject\debug\pause.obj
d:\users\hitomi\documents\visual studio 2015\projects\20180209\hal_tomokihitomi_directx9_3d_symphoniccloud\directx3dproject\debug\pausemenu.obj
d:\users\hitomi\documents\visual studio 2015\projects\20180209\hal_tomokihitomi_directx9_3d_symphoniccloud\directx3dproject\debug\result.obj
d:\users\hitomi\documents\visual studio 2015\projects\20180209\hal_tomokihitomi_directx9_3d_symphoniccloud\directx3dproject\debug\reticle.obj
d:\users\hitomi\documents\visual studio 2015\projects\20180209\hal_tomokihitomi_directx9_3d_symphoniccloud\directx3dproject\debug\shadow.obj
d:\users\hitomi\documents\visual studio 2015\projects\20180209\hal_tomokihitomi_directx9_3d_symphoniccloud\directx3dproject\debug\skydome.obj
d:\users\hitomi\documents\visual studio 2015\projects\20180209\hal_tomokihitomi_directx9_3d_symphoniccloud\directx3dproject\debug\sound.obj
d:\users\hitomi\documents\visual studio 2015\projects\20180209\hal_tomokihitomi_directx9_3d_symphoniccloud\directx3dproject\debug\title.obj
d:\users\hitomi\documents\visual studio 2015\projects\20180209\hal_tomokihitomi_directx9_3d_symphoniccloud\directx3dproject\debug\version.obj
d:\users\hitomi\documents\visual studio 2015\projects\20180209\hal_tomokihitomi_directx9_3d_symphoniccloud\directx3dproject\debug\wall.obj
d:\users\hitomi\documents\visual studio 2015\projects\20180209\hal_tomokihitomi_directx9_3d_symphoniccloud\directx3dproject\debug\enemy.obj
d:\users\hitomi\documents\visual studio 2015\projects\20180209\hal_tomokihitomi_directx9_3d_symphoniccloud\directx3dproject\debug\enemybullet.obj
d:\users\hitomi\documents\visual studio 2015\projects\20180209\hal_tomokihitomi_directx9_3d_symphoniccloud\directx3dproject\debug\enemy_normal.obj
d:\users\hitomi\documents\visual studio 2015\projects\20180209\hal_tomokihitomi_directx9_3d_symphoniccloud\directx3dproject\debug\fade.obj
d:\users\hitomi\documents\visual studio 2015\projects\20180209\hal_tomokihitomi_directx9_3d_symphoniccloud\directx3dproject\debug\field.obj
d:\users\hitomi\documents\visual studio 2015\projects\20180209\hal_tomokihitomi_directx9_3d_symphoniccloud\directx3dproject\debug\gage.obj
d:\users\hitomi\documents\visual studio 2015\projects\20180209\hal_tomokihitomi_directx9_3d_symphoniccloud\directx3dproject\debug\gageback.obj
d:\users\hitomi\documents\visual studio 2015\projects\20180209\hal_tomokihitomi_directx9_3d_symphoniccloud\directx3dproject\debug\gagefream.obj
d:\users\hitomi\documents\visual studio 2015\projects\20180209\hal_tomokihitomi_directx9_3d_symphoniccloud\directx3dproject\debug\gageselect.obj
d:\users\hitomi\documents\visual studio 2015\projects\20180209\hal_tomokihitomi_directx9_3d_symphoniccloud\directx3dproject\debug\game.obj
d:\users\hitomi\documents\visual studio 2015\projects\20180209\hal_tomokihitomi_directx9_3d_symphoniccloud\directx3dproject\debug\input.obj
d:\users\hitomi\documents\visual studio 2015\projects\20180209\hal_tomokihitomi_directx9_3d_symphoniccloud\directx3dproject\debug\light.obj
d:\users\hitomi\documents\visual studio 2015\projects\20180209\hal_tomokihitomi_directx9_3d_symphoniccloud\directx3dproject\debug\lockon.obj
d:\users\hitomi\documents\visual studio 2015\projects\20180209\hal_tomokihitomi_directx9_3d_symphoniccloud\directx3dproject\debug\magic.obj
d:\users\hitomi\documents\visual studio 2015\projects\20180209\hal_tomokihitomi_directx9_3d_symphoniccloud\directx3dproject\debug\magiccircle.obj
d:\users\hitomi\documents\visual studio 2015\projects\20180209\hal_tomokihitomi_directx9_3d_symphoniccloud\directx3dproject\debug\magiceffect.obj
d:\users\hitomi\documents\visual studio 2015\projects\20180209\hal_tomokihitomi_directx9_3d_symphoniccloud\directx3dproject\debug\main.obj
d:\users\hitomi\documents\visual studio 2015\projects\20180209\hal_tomokihitomi_directx9_3d_symphoniccloud\directx3dproject\debug\minimap.obj
d:\users\hitomi\documents\visual studio 2015\projects\20180209\hal_tomokihitomi_directx9_3d_symphoniccloud\directx3dproject\debug\parameter.obj
d:\users\hitomi\documents\visual studio 2015\projects\20180209\hal_tomokihitomi_directx9_3d_symphoniccloud\directx3dproject\debug\pointer.obj
d:\users\hitomi\documents\visual studio 2015\projects\20180209\hal_tomokihitomi_directx9_3d_symphoniccloud\directx3dproject\debug\bullet.obj
d:\users\hitomi\documents\visual studio 2015\projects\20180209\hal_tomokihitomi_directx9_3d_symphoniccloud\directx3dproject\debug\bulletqua.obj
d:\users\hitomi\documents\visual studio 2015\projects\20180209\hal_tomokihitomi_directx9_3d_symphoniccloud\directx3dproject\debug\hiteffect.obj
d:\users\hitomi\documents\visual studio 2015\projects\20180209\hal_tomokihitomi_directx9_3d_symphoniccloud\directx3dproject\debug\calculate.obj
d:\users\hitomi\documents\visual studio 2015\projects\20180209\hal_tomokihitomi_directx9_3d_symphoniccloud\directx3dproject\debug\camera.obj
d:\users\hitomi\documents\visual studio 2015\projects\20180209\hal_tomokihitomi_directx9_3d_symphoniccloud\directx3dproject\debug\checkhit.obj
d:\users\hitomi\documents\visual studio 2015\projects\20180209\hal_tomokihitomi_directx9_3d_symphoniccloud\directx3dproject\debug\cloud.obj
d:\users\hitomi\documents\visual studio 2015\projects\20180209\hal_tomokihitomi_directx9_3d_symphoniccloud\directx3dproject\debug\copyright.obj
d:\users\hitomi\documents\visual studio 2015\projects\20180209\hal_tomokihitomi_directx9_3d_symphoniccloud\directx3dproject\debug\debugproc.obj
d:\users\hitomi\documents\visual studio 2015\projects\20180209\hal_tomokihitomi_directx9_3d_symphoniccloud\directx3dproject\debug\effect.obj
d:\users\hitomi\documents\visual studio 2015\projects\20180209\hal_tomokihitomi_directx9_3d_symphoniccloud\directx3dproject\debug\enemy_boss.obj
d:\users\hitomi\documents\visual studio 2015\projects\20180209\hal_tomokihitomi_directx9_3d_symphoniccloud\directx3dproject\debug\joyconhelp.obj
d:\users\hitomi\documents\visual studio 2015\projects\20180209\hal_tomokihitomi_directx9_3d_symphoniccloud\directx3dproject\debug\damageeffect.obj
d:\users\hitomi\documents\visual studio 2015\projects\20180209\hal_tomokihitomi_directx9_3d_symphoniccloud\debug\sprite.cso
d:\users\hitomi\documents\visual studio 2015\projects\20180209\hal_tomokihitomi_directx9_3d_symphoniccloud\debug\directx3dproject.ilk
d:\users\hitomi\documents\visual studio 2015\projects\20180209\hal_tomokihitomi_directx9_3d_symphoniccloud\debug\directx3dproject.exe
d:\users\hitomi\documents\visual studio 2015\projects\20180209\hal_tomokihitomi_directx9_3d_symphoniccloud\debug\directx3dproject.pdb
d:\users\hitomi\documents\visual studio 2015\projects\20180209\hal_tomokihitomi_directx9_3d_symphoniccloud\directx3dproject\debug\directx3dproject.res
d:\users\hitomi\documents\visual studio 2015\projects\20180209\hal_tomokihitomi_directx9_3d_symphoniccloud\directx3dproject\debug\directx3dproject.tlog\cl.command.1.tlog
d:\users\hitomi\documents\visual studio 2015\projects\20180209\hal_tomokihitomi_directx9_3d_symphoniccloud\directx3dproject\debug\directx3dproject.tlog\cl.read.1.tlog
d:\users\hitomi\documents\visual studio 2015\projects\20180209\hal_tomokihitomi_directx9_3d_symphoniccloud\directx3dproject\debug\directx3dproject.tlog\cl.write.1.tlog
d:\users\hitomi\documents\visual studio 2015\projects\20180209\hal_tomokihitomi_directx9_3d_symphoniccloud\directx3dproject\debug\directx3dproject.tlog\directx3dproject.write.1u.tlog
d:\users\hitomi\documents\visual studio 2015\projects\20180209\hal_tomokihitomi_directx9_3d_symphoniccloud\directx3dproject\debug\directx3dproject.tlog\fxc.command.1.tlog
d:\users\hitomi\documents\visual studio 2015\projects\20180209\hal_tomokihitomi_directx9_3d_symphoniccloud\directx3dproject\debug\directx3dproject.tlog\fxc.read.1.tlog
d:\users\hitomi\documents\visual studio 2015\projects\20180209\hal_tomokihitomi_directx9_3d_symphoniccloud\directx3dproject\debug\directx3dproject.tlog\fxc.write.1.tlog
d:\users\hitomi\documents\visual studio 2015\projects\20180209\hal_tomokihitomi_directx9_3d_symphoniccloud\directx3dproject\debug\directx3dproject.tlog\link.command.1.tlog
d:\users\hitomi\documents\visual studio 2015\projects\20180209\hal_tomokihitomi_directx9_3d_symphoniccloud\directx3dproject\debug\directx3dproject.tlog\link.read.1.tlog
d:\users\hitomi\documents\visual studio 2015\projects\20180209\hal_tomokihitomi_directx9_3d_symphoniccloud\directx3dproject\debug\directx3dproject.tlog\link.write.1.tlog
d:\users\hitomi\documents\visual studio 2015\projects\20180209\hal_tomokihitomi_directx9_3d_symphoniccloud\directx3dproject\debug\directx3dproject.tlog\rc.command.1.tlog
d:\users\hitomi\documents\visual studio 2015\projects\20180209\hal_tomokihitomi_directx9_3d_symphoniccloud\directx3dproject\debug\directx3dproject.tlog\rc.read.1.tlog
d:\users\hitomi\documents\visual studio 2015\projects\20180209\hal_tomokihitomi_directx9_3d_symphoniccloud\directx3dproject\debug\directx3dproject.tlog\rc.write.1.tlog
