c:\users\hitomi\documents\visual studio 2015\20180213\hal_tomokihitomi_directx9_3d_symphoniccloud\directx3dproject\debug\vc140.pdb
c:\users\hitomi\documents\visual studio 2015\20180213\hal_tomokihitomi_directx9_3d_symphoniccloud\directx3dproject\debug\vc140.idb
c:\users\hitomi\documents\visual studio 2015\20180213\hal_tomokihitomi_directx9_3d_symphoniccloud\directx3dproject\debug\rank.obj
c:\users\hitomi\documents\visual studio 2015\20180213\hal_tomokihitomi_directx9_3d_symphoniccloud\directx3dproject\debug\ranking.obj
c:\users\hitomi\documents\visual studio 2015\20180213\hal_tomokihitomi_directx9_3d_symphoniccloud\directx3dproject\debug\skydomeeffect.obj
c:\users\hitomi\documents\visual studio 2015\20180213\hal_tomokihitomi_directx9_3d_symphoniccloud\directx3dproject\debug\stage.obj
c:\users\hitomi\documents\visual studio 2015\20180213\hal_tomokihitomi_directx9_3d_symphoniccloud\directx3dproject\debug\time.obj
c:\users\hitomi\documents\visual studio 2015\20180213\hal_tomokihitomi_directx9_3d_symphoniccloud\directx3dproject\debug\timefream.obj
c:\users\hitomi\documents\visual studio 2015\20180213\hal_tomokihitomi_directx9_3d_symphoniccloud\directx3dproject\debug\timeranking.obj
c:\users\hitomi\documents\visual studio 2015\20180213\hal_tomokihitomi_directx9_3d_symphoniccloud\directx3dproject\debug\titlemenu.obj
c:\users\hitomi\documents\visual studio 2015\20180213\hal_tomokihitomi_directx9_3d_symphoniccloud\directx3dproject\debug\meshcloud.obj
c:\users\hitomi\documents\visual studio 2015\20180213\hal_tomokihitomi_directx9_3d_symphoniccloud\directx3dproject\debug\model.obj
c:\users\hitomi\documents\visual studio 2015\20180213\hal_tomokihitomi_directx9_3d_symphoniccloud\directx3dproject\debug\pause.obj
c:\users\hitomi\documents\visual studio 2015\20180213\hal_tomokihitomi_directx9_3d_symphoniccloud\directx3dproject\debug\pausemenu.obj
c:\users\hitomi\documents\visual studio 2015\20180213\hal_tomokihitomi_directx9_3d_symphoniccloud\directx3dproject\debug\result.obj
c:\users\hitomi\documents\visual studio 2015\20180213\hal_tomokihitomi_directx9_3d_symphoniccloud\directx3dproject\debug\reticle.obj
c:\users\hitomi\documents\visual studio 2015\20180213\hal_tomokihitomi_directx9_3d_symphoniccloud\directx3dproject\debug\shadow.obj
c:\users\hitomi\documents\visual studio 2015\20180213\hal_tomokihitomi_directx9_3d_symphoniccloud\directx3dproject\debug\skydome.obj
c:\users\hitomi\documents\visual studio 2015\20180213\hal_tomokihitomi_directx9_3d_symphoniccloud\directx3dproject\debug\sound.obj
c:\users\hitomi\documents\visual studio 2015\20180213\hal_tomokihitomi_directx9_3d_symphoniccloud\directx3dproject\debug\title.obj
c:\users\hitomi\documents\visual studio 2015\20180213\hal_tomokihitomi_directx9_3d_symphoniccloud\directx3dproject\debug\version.obj
c:\users\hitomi\documents\visual studio 2015\20180213\hal_tomokihitomi_directx9_3d_symphoniccloud\directx3dproject\debug\wall.obj
c:\users\hitomi\documents\visual studio 2015\20180213\hal_tomokihitomi_directx9_3d_symphoniccloud\directx3dproject\debug\enemybullet.obj
c:\users\hitomi\documents\visual studio 2015\20180213\hal_tomokihitomi_directx9_3d_symphoniccloud\directx3dproject\debug\enemy_normal.obj
c:\users\hitomi\documents\visual studio 2015\20180213\hal_tomokihitomi_directx9_3d_symphoniccloud\directx3dproject\debug\fade.obj
c:\users\hitomi\documents\visual studio 2015\20180213\hal_tomokihitomi_directx9_3d_symphoniccloud\directx3dproject\debug\field.obj
c:\users\hitomi\documents\visual studio 2015\20180213\hal_tomokihitomi_directx9_3d_symphoniccloud\directx3dproject\debug\gage.obj
c:\users\hitomi\documents\visual studio 2015\20180213\hal_tomokihitomi_directx9_3d_symphoniccloud\directx3dproject\debug\gageback.obj
c:\users\hitomi\documents\visual studio 2015\20180213\hal_tomokihitomi_directx9_3d_symphoniccloud\directx3dproject\debug\gagefream.obj
c:\users\hitomi\documents\visual studio 2015\20180213\hal_tomokihitomi_directx9_3d_symphoniccloud\directx3dproject\debug\gageselect.obj
c:\users\hitomi\documents\visual studio 2015\20180213\hal_tomokihitomi_directx9_3d_symphoniccloud\directx3dproject\debug\game.obj
c:\users\hitomi\documents\visual studio 2015\20180213\hal_tomokihitomi_directx9_3d_symphoniccloud\directx3dproject\debug\input.obj
c:\users\hitomi\documents\visual studio 2015\20180213\hal_tomokihitomi_directx9_3d_symphoniccloud\directx3dproject\debug\joyconhelp.obj
c:\users\hitomi\documents\visual studio 2015\20180213\hal_tomokihitomi_directx9_3d_symphoniccloud\directx3dproject\debug\light.obj
c:\users\hitomi\documents\visual studio 2015\20180213\hal_tomokihitomi_directx9_3d_symphoniccloud\directx3dproject\debug\lockon.obj
c:\users\hitomi\documents\visual studio 2015\20180213\hal_tomokihitomi_directx9_3d_symphoniccloud\directx3dproject\debug\magic.obj
c:\users\hitomi\documents\visual studio 2015\20180213\hal_tomokihitomi_directx9_3d_symphoniccloud\directx3dproject\debug\magiccircle.obj
c:\users\hitomi\documents\visual studio 2015\20180213\hal_tomokihitomi_directx9_3d_symphoniccloud\directx3dproject\debug\magiceffect.obj
c:\users\hitomi\documents\visual studio 2015\20180213\hal_tomokihitomi_directx9_3d_symphoniccloud\directx3dproject\debug\main.obj
c:\users\hitomi\documents\visual studio 2015\20180213\hal_tomokihitomi_directx9_3d_symphoniccloud\directx3dproject\debug\minimap.obj
c:\users\hitomi\documents\visual studio 2015\20180213\hal_tomokihitomi_directx9_3d_symphoniccloud\directx3dproject\debug\parameter.obj
c:\users\hitomi\documents\visual studio 2015\20180213\hal_tomokihitomi_directx9_3d_symphoniccloud\directx3dproject\debug\pointer.obj
c:\users\hitomi\documents\visual studio 2015\20180213\hal_tomokihitomi_directx9_3d_symphoniccloud\directx3dproject\debug\bullet.obj
c:\users\hitomi\documents\visual studio 2015\20180213\hal_tomokihitomi_directx9_3d_symphoniccloud\directx3dproject\debug\bulletqua.obj
c:\users\hitomi\documents\visual studio 2015\20180213\hal_tomokihitomi_directx9_3d_symphoniccloud\directx3dproject\debug\damageeffect.obj
c:\users\hitomi\documents\visual studio 2015\20180213\hal_tomokihitomi_directx9_3d_symphoniccloud\directx3dproject\debug\hiteffect.obj
c:\users\hitomi\documents\visual studio 2015\20180213\hal_tomokihitomi_directx9_3d_symphoniccloud\directx3dproject\debug\calculate.obj
c:\users\hitomi\documents\visual studio 2015\20180213\hal_tomokihitomi_directx9_3d_symphoniccloud\directx3dproject\debug\camera.obj
c:\users\hitomi\documents\visual studio 2015\20180213\hal_tomokihitomi_directx9_3d_symphoniccloud\directx3dproject\debug\checkhit.obj
c:\users\hitomi\documents\visual studio 2015\20180213\hal_tomokihitomi_directx9_3d_symphoniccloud\directx3dproject\debug\cloud.obj
c:\users\hitomi\documents\visual studio 2015\20180213\hal_tomokihitomi_directx9_3d_symphoniccloud\directx3dproject\debug\copyright.obj
c:\users\hitomi\documents\visual studio 2015\20180213\hal_tomokihitomi_directx9_3d_symphoniccloud\directx3dproject\debug\debugproc.obj
c:\users\hitomi\documents\visual studio 2015\20180213\hal_tomokihitomi_directx9_3d_symphoniccloud\directx3dproject\debug\effect.obj
c:\users\hitomi\documents\visual studio 2015\20180213\hal_tomokihitomi_directx9_3d_symphoniccloud\directx3dproject\debug\enemy_boss.obj
c:\users\hitomi\documents\visual studio 2015\20180213\hal_tomokihitomi_directx9_3d_symphoniccloud\directx3dproject\debug\enemy.obj
c:\users\hitomi\documents\project\symphoniccloud\hal_tomokihitomi_directx9_3d_symphoniccloud\directx3dproject\debug\vc140.pdb
c:\users\hitomi\documents\project\symphoniccloud\hal_tomokihitomi_directx9_3d_symphoniccloud\directx3dproject\debug\vc140.idb
c:\users\hitomi\documents\project\symphoniccloud\hal_tomokihitomi_directx9_3d_symphoniccloud\directx3dproject\debug\rank.obj
c:\users\hitomi\documents\project\symphoniccloud\hal_tomokihitomi_directx9_3d_symphoniccloud\directx3dproject\debug\ranking.obj
c:\users\hitomi\documents\project\symphoniccloud\hal_tomokihitomi_directx9_3d_symphoniccloud\directx3dproject\debug\skydomeeffect.obj
c:\users\hitomi\documents\project\symphoniccloud\hal_tomokihitomi_directx9_3d_symphoniccloud\directx3dproject\debug\stage.obj
c:\users\hitomi\documents\project\symphoniccloud\hal_tomokihitomi_directx9_3d_symphoniccloud\directx3dproject\debug\time.obj
c:\users\hitomi\documents\project\symphoniccloud\hal_tomokihitomi_directx9_3d_symphoniccloud\directx3dproject\debug\timefream.obj
c:\users\hitomi\documents\project\symphoniccloud\hal_tomokihitomi_directx9_3d_symphoniccloud\directx3dproject\debug\timeranking.obj
c:\users\hitomi\documents\project\symphoniccloud\hal_tomokihitomi_directx9_3d_symphoniccloud\directx3dproject\debug\titlemenu.obj
c:\users\hitomi\documents\project\symphoniccloud\hal_tomokihitomi_directx9_3d_symphoniccloud\directx3dproject\debug\meshcloud.obj
c:\users\hitomi\documents\project\symphoniccloud\hal_tomokihitomi_directx9_3d_symphoniccloud\directx3dproject\debug\model.obj
c:\users\hitomi\documents\project\symphoniccloud\hal_tomokihitomi_directx9_3d_symphoniccloud\directx3dproject\debug\pause.obj
c:\users\hitomi\documents\project\symphoniccloud\hal_tomokihitomi_directx9_3d_symphoniccloud\directx3dproject\debug\pausemenu.obj
c:\users\hitomi\documents\project\symphoniccloud\hal_tomokihitomi_directx9_3d_symphoniccloud\directx3dproject\debug\result.obj
c:\users\hitomi\documents\project\symphoniccloud\hal_tomokihitomi_directx9_3d_symphoniccloud\directx3dproject\debug\reticle.obj
c:\users\hitomi\documents\project\symphoniccloud\hal_tomokihitomi_directx9_3d_symphoniccloud\directx3dproject\debug\shadow.obj
c:\users\hitomi\documents\project\symphoniccloud\hal_tomokihitomi_directx9_3d_symphoniccloud\directx3dproject\debug\skydome.obj
c:\users\hitomi\documents\project\symphoniccloud\hal_tomokihitomi_directx9_3d_symphoniccloud\directx3dproject\debug\sound.obj
c:\users\hitomi\documents\project\symphoniccloud\hal_tomokihitomi_directx9_3d_symphoniccloud\directx3dproject\debug\title.obj
c:\users\hitomi\documents\project\symphoniccloud\hal_tomokihitomi_directx9_3d_symphoniccloud\directx3dproject\debug\version.obj
c:\users\hitomi\documents\project\symphoniccloud\hal_tomokihitomi_directx9_3d_symphoniccloud\directx3dproject\debug\wall.obj
c:\users\hitomi\documents\project\symphoniccloud\hal_tomokihitomi_directx9_3d_symphoniccloud\directx3dproject\debug\enemybullet.obj
c:\users\hitomi\documents\project\symphoniccloud\hal_tomokihitomi_directx9_3d_symphoniccloud\directx3dproject\debug\enemy_normal.obj
c:\users\hitomi\documents\project\symphoniccloud\hal_tomokihitomi_directx9_3d_symphoniccloud\directx3dproject\debug\fade.obj
c:\users\hitomi\documents\project\symphoniccloud\hal_tomokihitomi_directx9_3d_symphoniccloud\directx3dproject\debug\field.obj
c:\users\hitomi\documents\project\symphoniccloud\hal_tomokihitomi_directx9_3d_symphoniccloud\directx3dproject\debug\gage.obj
c:\users\hitomi\documents\project\symphoniccloud\hal_tomokihitomi_directx9_3d_symphoniccloud\directx3dproject\debug\gageback.obj
c:\users\hitomi\documents\project\symphoniccloud\hal_tomokihitomi_directx9_3d_symphoniccloud\directx3dproject\debug\gagefream.obj
c:\users\hitomi\documents\project\symphoniccloud\hal_tomokihitomi_directx9_3d_symphoniccloud\directx3dproject\debug\gageselect.obj
c:\users\hitomi\documents\project\symphoniccloud\hal_tomokihitomi_directx9_3d_symphoniccloud\directx3dproject\debug\game.obj
c:\users\hitomi\documents\project\symphoniccloud\hal_tomokihitomi_directx9_3d_symphoniccloud\directx3dproject\debug\input.obj
c:\users\hitomi\documents\project\symphoniccloud\hal_tomokihitomi_directx9_3d_symphoniccloud\directx3dproject\debug\joyconhelp.obj
c:\users\hitomi\documents\project\symphoniccloud\hal_tomokihitomi_directx9_3d_symphoniccloud\directx3dproject\debug\light.obj
c:\users\hitomi\documents\project\symphoniccloud\hal_tomokihitomi_directx9_3d_symphoniccloud\directx3dproject\debug\lockon.obj
c:\users\hitomi\documents\project\symphoniccloud\hal_tomokihitomi_directx9_3d_symphoniccloud\directx3dproject\debug\magic.obj
c:\users\hitomi\documents\project\symphoniccloud\hal_tomokihitomi_directx9_3d_symphoniccloud\directx3dproject\debug\magiccircle.obj
c:\users\hitomi\documents\project\symphoniccloud\hal_tomokihitomi_directx9_3d_symphoniccloud\directx3dproject\debug\magiceffect.obj
c:\users\hitomi\documents\project\symphoniccloud\hal_tomokihitomi_directx9_3d_symphoniccloud\directx3dproject\debug\main.obj
c:\users\hitomi\documents\project\symphoniccloud\hal_tomokihitomi_directx9_3d_symphoniccloud\directx3dproject\debug\minimap.obj
c:\users\hitomi\documents\project\symphoniccloud\hal_tomokihitomi_directx9_3d_symphoniccloud\directx3dproject\debug\parameter.obj
c:\users\hitomi\documents\project\symphoniccloud\hal_tomokihitomi_directx9_3d_symphoniccloud\directx3dproject\debug\pointer.obj
c:\users\hitomi\documents\project\symphoniccloud\hal_tomokihitomi_directx9_3d_symphoniccloud\directx3dproject\debug\bullet.obj
c:\users\hitomi\documents\project\symphoniccloud\hal_tomokihitomi_directx9_3d_symphoniccloud\directx3dproject\debug\bulletqua.obj
c:\users\hitomi\documents\project\symphoniccloud\hal_tomokihitomi_directx9_3d_symphoniccloud\directx3dproject\debug\damageeffect.obj
c:\users\hitomi\documents\project\symphoniccloud\hal_tomokihitomi_directx9_3d_symphoniccloud\directx3dproject\debug\hiteffect.obj
c:\users\hitomi\documents\project\symphoniccloud\hal_tomokihitomi_directx9_3d_symphoniccloud\directx3dproject\debug\calculate.obj
c:\users\hitomi\documents\project\symphoniccloud\hal_tomokihitomi_directx9_3d_symphoniccloud\directx3dproject\debug\camera.obj
c:\users\hitomi\documents\project\symphoniccloud\hal_tomokihitomi_directx9_3d_symphoniccloud\directx3dproject\debug\checkhit.obj
c:\users\hitomi\documents\project\symphoniccloud\hal_tomokihitomi_directx9_3d_symphoniccloud\directx3dproject\debug\cloud.obj
c:\users\hitomi\documents\project\symphoniccloud\hal_tomokihitomi_directx9_3d_symphoniccloud\directx3dproject\debug\copyright.obj
c:\users\hitomi\documents\project\symphoniccloud\hal_tomokihitomi_directx9_3d_symphoniccloud\directx3dproject\debug\debugproc.obj
c:\users\hitomi\documents\project\symphoniccloud\hal_tomokihitomi_directx9_3d_symphoniccloud\directx3dproject\debug\effect.obj
c:\users\hitomi\documents\project\symphoniccloud\hal_tomokihitomi_directx9_3d_symphoniccloud\directx3dproject\debug\enemy_boss.obj
c:\users\hitomi\documents\project\symphoniccloud\hal_tomokihitomi_directx9_3d_symphoniccloud\directx3dproject\debug\enemy.obj
c:\users\hitomi\documents\visual studio 2015\20180213\hal_tomokihitomi_directx9_3d_symphoniccloud\debug\sprite.cso
c:\users\hitomi\documents\project\symphoniccloud\hal_tomokihitomi_directx9_3d_symphoniccloud\debug\sprite.cso
c:\users\hitomi\documents\visual studio 2015\20180213\hal_tomokihitomi_directx9_3d_symphoniccloud\debug\directx3dproject.ilk
c:\users\hitomi\documents\visual studio 2015\20180213\hal_tomokihitomi_directx9_3d_symphoniccloud\debug\directx3dproject.exe
c:\users\hitomi\documents\visual studio 2015\20180213\hal_tomokihitomi_directx9_3d_symphoniccloud\debug\directx3dproject.pdb
c:\users\hitomi\documents\project\symphoniccloud\hal_tomokihitomi_directx9_3d_symphoniccloud\debug\directx3dproject.ilk
c:\users\hitomi\documents\project\symphoniccloud\hal_tomokihitomi_directx9_3d_symphoniccloud\debug\directx3dproject.exe
c:\users\hitomi\documents\project\symphoniccloud\hal_tomokihitomi_directx9_3d_symphoniccloud\debug\directx3dproject.pdb
c:\users\hitomi\documents\visual studio 2015\20180213\hal_tomokihitomi_directx9_3d_symphoniccloud\directx3dproject\debug\directx3dproject.res
c:\users\hitomi\documents\project\symphoniccloud\hal_tomokihitomi_directx9_3d_symphoniccloud\directx3dproject\debug\directx3dproject.res
c:\users\hitomi\documents\project\symphoniccloud\hal_tomokihitomi_directx9_3d_symphoniccloud\directx3dproject\debug\directx3dproject.tlog\cl.command.1.tlog
c:\users\hitomi\documents\project\symphoniccloud\hal_tomokihitomi_directx9_3d_symphoniccloud\directx3dproject\debug\directx3dproject.tlog\cl.read.1.tlog
c:\users\hitomi\documents\project\symphoniccloud\hal_tomokihitomi_directx9_3d_symphoniccloud\directx3dproject\debug\directx3dproject.tlog\cl.write.1.tlog
c:\users\hitomi\documents\project\symphoniccloud\hal_tomokihitomi_directx9_3d_symphoniccloud\directx3dproject\debug\directx3dproject.tlog\directx3dproject.write.1u.tlog
c:\users\hitomi\documents\project\symphoniccloud\hal_tomokihitomi_directx9_3d_symphoniccloud\directx3dproject\debug\directx3dproject.tlog\fxc.command.1.tlog
c:\users\hitomi\documents\project\symphoniccloud\hal_tomokihitomi_directx9_3d_symphoniccloud\directx3dproject\debug\directx3dproject.tlog\fxc.read.1.tlog
c:\users\hitomi\documents\project\symphoniccloud\hal_tomokihitomi_directx9_3d_symphoniccloud\directx3dproject\debug\directx3dproject.tlog\fxc.write.1.tlog
c:\users\hitomi\documents\project\symphoniccloud\hal_tomokihitomi_directx9_3d_symphoniccloud\directx3dproject\debug\directx3dproject.tlog\link.command.1.tlog
c:\users\hitomi\documents\project\symphoniccloud\hal_tomokihitomi_directx9_3d_symphoniccloud\directx3dproject\debug\directx3dproject.tlog\link.read.1.tlog
c:\users\hitomi\documents\project\symphoniccloud\hal_tomokihitomi_directx9_3d_symphoniccloud\directx3dproject\debug\directx3dproject.tlog\link.write.1.tlog
c:\users\hitomi\documents\project\symphoniccloud\hal_tomokihitomi_directx9_3d_symphoniccloud\directx3dproject\debug\directx3dproject.tlog\rc.command.1.tlog
c:\users\hitomi\documents\project\symphoniccloud\hal_tomokihitomi_directx9_3d_symphoniccloud\directx3dproject\debug\directx3dproject.tlog\rc.read.1.tlog
c:\users\hitomi\documents\project\symphoniccloud\hal_tomokihitomi_directx9_3d_symphoniccloud\directx3dproject\debug\directx3dproject.tlog\rc.write.1.tlog
