FXC : warning X4717: Effects deprecated for D3DCompiler_47
  
  compilation object save succeeded; see C:\Users\Hitomi\Documents\Visual Studio 2015\Projects\DirectX9_3D_SymphonicCloud\Release\sprite.cso
  bullet.cpp
bullet.cpp(1235): warning C4244: '引数': 'int' から 'FLOAT' への変換です。データが失われる可能性があります。
  bulletqua.cpp
c:\users\hitomi\documents\visual studio 2015\projects\directx9_3d_symphoniccloud\directx3dproject\bulletqua.h(47): warning C4005: 'BULLETQUA_ALPHA_CHANGE': マクロが再定義されました。
  c:\users\hitomi\documents\visual studio 2015\projects\directx9_3d_symphoniccloud\directx3dproject\bulletqua.h(31): note: 'BULLETQUA_ALPHA_CHANGE' の以前の定義を確認してください
bulletqua.cpp(596): warning C4244: '引数': 'int' から 'FLOAT' への変換です。データが失われる可能性があります。
  cloudfield.cpp
  damageeffect.cpp
  hiteffect.cpp
  calculate.cpp
calculate.cpp(52): warning C4305: '+=': 'double' から 'float' へ切り詰めます。
  camera.cpp
camera.cpp(568): warning C4101: 'enemy': ローカル変数は 1 度も使われていません。
  checkhit.cpp
c:\users\hitomi\documents\visual studio 2015\projects\directx9_3d_symphoniccloud\directx3dproject\enemybullet.h(31): warning C4005: 'ENEMYBULLET_ALPHA_CHANGE': マクロが再定義されました。
  c:\users\hitomi\documents\visual studio 2015\projects\directx9_3d_symphoniccloud\directx3dproject\enemybullet.h(19): note: 'ENEMYBULLET_ALPHA_CHANGE' の以前の定義を確認してください
c:\users\hitomi\documents\visual studio 2015\projects\directx9_3d_symphoniccloud\directx3dproject\bulletqua.h(47): warning C4005: 'BULLETQUA_ALPHA_CHANGE': マクロが再定義されました。
  c:\users\hitomi\documents\visual studio 2015\projects\directx9_3d_symphoniccloud\directx3dproject\bulletqua.h(31): note: 'BULLETQUA_ALPHA_CHANGE' の以前の定義を確認してください
  cloud.cpp
  copyright.cpp
  debugproc.cpp
debugproc.cpp(76): warning C4838: 'float' から 'LONG' への変換には縮小変換が必要です
debugproc.cpp(76): warning C4244: '初期化中': 'float' から 'LONG' への変換です。データが失われる可能性があります。
debugproc.cpp(155): warning C4996: 'strcat': This function or variable may be unsafe. Consider using strcat_s instead. To disable deprecation, use _CRT_SECURE_NO_WARNINGS. See online help for details.
  C:\Program Files (x86)\Windows Kits\10\Include\10.0.10240.0\ucrt\string.h(90): note: 'strcat' の宣言を確認してください
debugproc.cpp(164): warning C4996: 'strcat': This function or variable may be unsafe. Consider using strcat_s instead. To disable deprecation, use _CRT_SECURE_NO_WARNINGS. See online help for details.
  C:\Program Files (x86)\Windows Kits\10\Include\10.0.10240.0\ucrt\string.h(90): note: 'strcat' の宣言を確認してください
debugproc.cpp(112): warning C4996: 'sprintf': This function or variable may be unsafe. Consider using sprintf_s instead. To disable deprecation, use _CRT_SECURE_NO_WARNINGS. See online help for details.
  C:\Program Files (x86)\Windows Kits\10\Include\10.0.10240.0\ucrt\stdio.h(1769): note: 'sprintf' の宣言を確認してください
debugproc.cpp(122): warning C4996: 'sprintf': This function or variable may be unsafe. Consider using sprintf_s instead. To disable deprecation, use _CRT_SECURE_NO_WARNINGS. See online help for details.
  C:\Program Files (x86)\Windows Kits\10\Include\10.0.10240.0\ucrt\stdio.h(1769): note: 'sprintf' の宣言を確認してください
debugproc.cpp(127): warning C4996: 'sprintf': This function or variable may be unsafe. Consider using sprintf_s instead. To disable deprecation, use _CRT_SECURE_NO_WARNINGS. See online help for details.
  C:\Program Files (x86)\Windows Kits\10\Include\10.0.10240.0\ucrt\stdio.h(1769): note: 'sprintf' の宣言を確認してください
debugproc.cpp(132): warning C4996: 'sprintf': This function or variable may be unsafe. Consider using sprintf_s instead. To disable deprecation, use _CRT_SECURE_NO_WARNINGS. See online help for details.
  C:\Program Files (x86)\Windows Kits\10\Include\10.0.10240.0\ucrt\stdio.h(1769): note: 'sprintf' の宣言を確認してください
debugproc.cpp(137): warning C4996: 'sprintf': This function or variable may be unsafe. Consider using sprintf_s instead. To disable deprecation, use _CRT_SECURE_NO_WARNINGS. See online help for details.
  C:\Program Files (x86)\Windows Kits\10\Include\10.0.10240.0\ucrt\stdio.h(1769): note: 'sprintf' の宣言を確認してください
debugproc.cpp(142): warning C4996: 'sprintf': This function or variable may be unsafe. Consider using sprintf_s instead. To disable deprecation, use _CRT_SECURE_NO_WARNINGS. See online help for details.
  C:\Program Files (x86)\Windows Kits\10\Include\10.0.10240.0\ucrt\stdio.h(1769): note: 'sprintf' の宣言を確認してください
debugproc.cpp(147): warning C4996: 'sprintf': This function or variable may be unsafe. Consider using sprintf_s instead. To disable deprecation, use _CRT_SECURE_NO_WARNINGS. See online help for details.
  C:\Program Files (x86)\Windows Kits\10\Include\10.0.10240.0\ucrt\stdio.h(1769): note: 'sprintf' の宣言を確認してください
debugproc.cpp(151): warning C4996: 'sprintf': This function or variable may be unsafe. Consider using sprintf_s instead. To disable deprecation, use _CRT_SECURE_NO_WARNINGS. See online help for details.
  C:\Program Files (x86)\Windows Kits\10\Include\10.0.10240.0\ucrt\stdio.h(1769): note: 'sprintf' の宣言を確認してください
  effect.cpp
  enemy_boss.cpp
enemy_boss.cpp(79): warning C4018: '<': signed と unsigned の数値を比較しようとしました。
enemy_boss.cpp(109): warning C4018: '<': signed と unsigned の数値を比較しようとしました。
enemy_boss.cpp(191): warning C4018: '<': signed と unsigned の数値を比較しようとしました。
enemy_boss.cpp(157): warning C4101: 'pD3DXMat': ローカル変数は 1 度も使われていません。
  enemy.cpp
c:\users\hitomi\documents\visual studio 2015\projects\directx9_3d_symphoniccloud\directx3dproject\enemybullet.h(31): warning C4005: 'ENEMYBULLET_ALPHA_CHANGE': マクロが再定義されました。
  c:\users\hitomi\documents\visual studio 2015\projects\directx9_3d_symphoniccloud\directx3dproject\enemybullet.h(19): note: 'ENEMYBULLET_ALPHA_CHANGE' の以前の定義を確認してください
c:\users\hitomi\documents\visual studio 2015\projects\directx9_3d_symphoniccloud\directx3dproject\bulletqua.h(47): warning C4005: 'BULLETQUA_ALPHA_CHANGE': マクロが再定義されました。
  c:\users\hitomi\documents\visual studio 2015\projects\directx9_3d_symphoniccloud\directx3dproject\bulletqua.h(31): note: 'BULLETQUA_ALPHA_CHANGE' の以前の定義を確認してください
enemy.cpp(102): warning C4244: '引数': 'double' から 'FLOAT' への変換です。データが失われる可能性があります。
enemy.cpp(142): warning C4018: '<': signed と unsigned の数値を比較しようとしました。
enemy.cpp(287): warning C4244: '=': 'double' から 'float' への変換です。データが失われる可能性があります。
enemy.cpp(501): warning C4996: 'fopen': This function or variable may be unsafe. Consider using fopen_s instead. To disable deprecation, use _CRT_SECURE_NO_WARNINGS. See online help for details.
  C:\Program Files (x86)\Windows Kits\10\Include\10.0.10240.0\ucrt\stdio.h(205): note: 'fopen' の宣言を確認してください
enemy.cpp(511): warning C4996: 'fscanf': This function or variable may be unsafe. Consider using fscanf_s instead. To disable deprecation, use _CRT_SECURE_NO_WARNINGS. See online help for details.
  C:\Program Files (x86)\Windows Kits\10\Include\10.0.10240.0\ucrt\stdio.h(1193): note: 'fscanf' の宣言を確認してください
enemy.cpp(577): warning C4244: '引数': 'float' から 'DWORD' への変換です。データが失われる可能性があります。
  enemybullet.cpp
c:\users\hitomi\documents\visual studio 2015\projects\directx9_3d_symphoniccloud\directx3dproject\enemybullet.h(31): warning C4005: 'ENEMYBULLET_ALPHA_CHANGE': マクロが再定義されました。
  c:\users\hitomi\documents\visual studio 2015\projects\directx9_3d_symphoniccloud\directx3dproject\enemybullet.h(19): note: 'ENEMYBULLET_ALPHA_CHANGE' の以前の定義を確認してください
enemybullet.cpp(605): warning C4244: '=': 'int' から 'FLOAT' への変換です。データが失われる可能性があります。
enemybullet.cpp(610): warning C4244: '=': 'int' から 'FLOAT' への変換です。データが失われる可能性があります。
enemybullet.cpp(650): warning C4244: '引数': 'int' から 'FLOAT' への変換です。データが失われる可能性があります。
  enemy_normal.cpp
enemy_normal.cpp(82): warning C4018: '<': signed と unsigned の数値を比較しようとしました。
enemy_normal.cpp(112): warning C4018: '<': signed と unsigned の数値を比較しようとしました。
enemy_normal.cpp(200): warning C4018: '<': signed と unsigned の数値を比較しようとしました。
enemy_normal.cpp(166): warning C4101: 'pD3DXMat': ローカル変数は 1 度も使われていません。
enemy_normal.cpp(247): warning C4244: '引数': 'float' から 'DWORD' への変換です。データが失われる可能性があります。
  fade.cpp
  field.cpp
  gage.cpp
  gageback.cpp
  コンパイル中...
  gagefream.cpp
  gageselect.cpp
  game.cpp
  input.cpp
input.cpp(336): warning C4244: '引数': 'float' から 'int' への変換です。データが失われる可能性があります。
input.cpp(762): warning C4244: '=': 'LONG' から 'float' への変換です。データが失われる可能性があります。
input.cpp(765): warning C4244: '=': 'LONG' から 'float' への変換です。データが失われる可能性があります。
input.cpp(766): warning C4244: '=': 'LONG' から 'float' への変換です。データが失われる可能性があります。
input.cpp(769): warning C4244: '引数': 'LONG' から 'FLOAT' への変換です。データが失われる可能性があります。
input.cpp(901): warning C4244: '引数': 'int' から 'FLOAT' への変換です。データが失われる可能性があります。
  joyconhelp.cpp
  Light.cpp
  lockon.cpp
  magic.cpp
  magiccircle.cpp
magiccircle.cpp(80): warning C4018: '<': signed と unsigned の数値を比較しようとしました。
magiccircle.cpp(126): warning C4018: '<': signed と unsigned の数値を比較しようとしました。
magiccircle.cpp(287): warning C4018: '<': signed と unsigned の数値を比較しようとしました。
magiccircle.cpp(214): warning C4101: 'pD3DXMat': ローカル変数は 1 度も使われていません。
  magiceffect.cpp
  main.cpp
c:\users\hitomi\documents\visual studio 2015\projects\directx9_3d_symphoniccloud\directx3dproject\bulletqua.h(47): warning C4005: 'BULLETQUA_ALPHA_CHANGE': マクロが再定義されました。
  c:\users\hitomi\documents\visual studio 2015\projects\directx9_3d_symphoniccloud\directx3dproject\bulletqua.h(31): note: 'BULLETQUA_ALPHA_CHANGE' の以前の定義を確認してください
c:\users\hitomi\documents\visual studio 2015\projects\directx9_3d_symphoniccloud\directx3dproject\enemybullet.h(31): warning C4005: 'ENEMYBULLET_ALPHA_CHANGE': マクロが再定義されました。
  c:\users\hitomi\documents\visual studio 2015\projects\directx9_3d_symphoniccloud\directx3dproject\enemybullet.h(19): note: 'ENEMYBULLET_ALPHA_CHANGE' の以前の定義を確認してください
main.cpp(162): warning C4244: '引数': 'float' から 'int' への変換です。データが失われる可能性があります。
main.cpp(326): warning C4244: '=': 'float' から 'UINT' への変換です。データが失われる可能性があります。
main.cpp(327): warning C4244: '=': 'float' から 'UINT' への変換です。データが失われる可能性があります。
  minimap.cpp
  parameter.cpp
  player.cpp
  pointer.cpp
  rank.cpp
  ranking.cpp
  SkinMeshX.cpp
SkinMeshX.cpp(74): warning C4101: 'hr': ローカル変数は 1 度も使われていません。
  skydomeeffect.cpp
  stage.cpp
  コンパイル中...
  time.cpp
  timefream.cpp
  timeranking.cpp
timeranking.cpp(273): warning C4996: 'fopen': This function or variable may be unsafe. Consider using fopen_s instead. To disable deprecation, use _CRT_SECURE_NO_WARNINGS. See online help for details.
  C:\Program Files (x86)\Windows Kits\10\Include\10.0.10240.0\ucrt\stdio.h(205): note: 'fopen' の宣言を確認してください
timeranking.cpp(278): warning C4996: 'fopen': This function or variable may be unsafe. Consider using fopen_s instead. To disable deprecation, use _CRT_SECURE_NO_WARNINGS. See online help for details.
  C:\Program Files (x86)\Windows Kits\10\Include\10.0.10240.0\ucrt\stdio.h(205): note: 'fopen' の宣言を確認してください
timeranking.cpp(303): warning C4996: 'fopen': This function or variable may be unsafe. Consider using fopen_s instead. To disable deprecation, use _CRT_SECURE_NO_WARNINGS. See online help for details.
  C:\Program Files (x86)\Windows Kits\10\Include\10.0.10240.0\ucrt\stdio.h(205): note: 'fopen' の宣言を確認してください
timeranking.cpp(322): warning C4996: 'fscanf': This function or variable may be unsafe. Consider using fscanf_s instead. To disable deprecation, use _CRT_SECURE_NO_WARNINGS. See online help for details.
  C:\Program Files (x86)\Windows Kits\10\Include\10.0.10240.0\ucrt\stdio.h(1193): note: 'fscanf' の宣言を確認してください
timeranking.cpp(356): warning C4996: 'fopen': This function or variable may be unsafe. Consider using fopen_s instead. To disable deprecation, use _CRT_SECURE_NO_WARNINGS. See online help for details.
  C:\Program Files (x86)\Windows Kits\10\Include\10.0.10240.0\ucrt\stdio.h(205): note: 'fopen' の宣言を確認してください
  titlemenu.cpp
  meshcloud.cpp
  model.cpp
model.cpp(253): warning C4018: '<': signed と unsigned の数値を比較しようとしました。
model.cpp(406): warning C4018: '<': signed と unsigned の数値を比較しようとしました。
model.cpp(366): warning C4101: 'pD3DXMat': ローカル変数は 1 度も使われていません。
model.cpp(587): warning C4244: '初期化中': 'float' から 'int' への変換です。データが失われる可能性があります。
  pause.cpp
  pausemenu.cpp
  result.cpp
  reticle.cpp
  shadow.cpp
  skydome.cpp
  sound.cpp
  title.cpp
  version.cpp
  wall.cpp
  コード生成しています。
c:\users\hitomi\documents\visual studio 2015\projects\directx9_3d_symphoniccloud\directx3dproject\magiccircle.cpp(347): warning C4715: 'SetMagiccircle': 値を返さないコントロール パスがあります。
c:\users\hitomi\documents\visual studio 2015\projects\directx9_3d_symphoniccloud\directx3dproject\lockon.cpp(411): warning C4715: 'SetLockon': 値を返さないコントロール パスがあります。
c:\users\hitomi\documents\visual studio 2015\projects\directx9_3d_symphoniccloud\directx3dproject\enemy_normal.cpp(230): warning C4715: 'SetEnemy_normal': 値を返さないコントロール パスがあります。
c:\users\hitomi\documents\visual studio 2015\projects\directx9_3d_symphoniccloud\directx3dproject\enemy_boss.cpp(221): warning C4715: 'SetEnemy_boss': 値を返さないコントロール パスがあります。
c:\users\hitomi\documents\visual studio 2015\projects\directx9_3d_symphoniccloud\directx3dproject\pointer.cpp(324): warning C4715: 'SetPointer': 値を返さないコントロール パスがあります。
  All 787 functions were compiled because no usable IPDB/IOBJ from previous compilation was found.
  コード生成が終了しました。
  DirectX3Dproject.vcxproj -> C:\Users\Hitomi\Documents\Visual Studio 2015\Projects\DirectX9_3D_SymphonicCloud\Release\DirectX3Dproject.exe
  DirectX3Dproject.vcxproj -> C:\Users\Hitomi\Documents\Visual Studio 2015\Projects\DirectX9_3D_SymphonicCloud\Release\DirectX3Dproject.pdb (Full PDB)
